# JRE version: OpenJDK Runtime Environment (8.0_152-b06) (build 1.8.0_152-release-1136-b06)
# Java VM: OpenJDK Server VM (25.152-b06 mixed mode windows-x86 )
Heap:
 PSYoungGen      total 228352K, used 120117K [0x37800000, 0x488c0000, 0x4ac00000)
  eden space 184064K, 54% used [0x37800000,0x3daa7ba8,0x42bc0000)
  from space 44288K, 43% used [0x45d80000,0x47025be8,0x488c0000)
  to   space 47616K, 0% used [0x42bc0000,0x42bc0000,0x45a40000)
 ParOldGen       total 133632K, used 58687K [0x11000000, 0x19280000, 0x37800000)
  object space 133632K, 43% used [0x11000000,0x1494feb0,0x19280000)
 Metaspace       used 50610K, capacity 52249K, committed 52352K, reserved 52608K
GC Heap History (10 events):
Event: 136.368 GC heap before
{Heap before GC invocations=27 (full 4):
 PSYoungGen      total 186624K, used 186335K [0x37800000, 0x48100000, 0x4ac00000)
  eden space 148480K, 99% used [0x37800000,0x408bb720,0x40900000)
  from space 38144K, 99% used [0x43ec0000,0x463fc640,0x46400000)
  to   space 55040K, 0% used [0x40900000,0x40900000,0x43ec0000)
 ParOldGen       total 140288K, used 112705K [0x11000000, 0x19900000, 0x37800000)
  object space 140288K, 80% used [0x11000000,0x17e10658,0x19900000)
 Metaspace       used 44021K, capacity 45204K, committed 45312K, reserved 45440K
Event: 136.504 GC heap after
Heap after GC invocations=27 (full 4):
 PSYoungGen      total 203520K, used 15158K [0x37800000, 0x48400000, 0x4ac00000)
  eden space 148480K, 0% used [0x37800000,0x37800000,0x40900000)
  from space 55040K, 27% used [0x40900000,0x417cd828,0x43ec0000)
  to   space 51968K, 0% used [0x45140000,0x45140000,0x48400000)
 ParOldGen       total 141056K, used 140575K [0x11000000, 0x199c0000, 0x37800000)
  object space 141056K, 99% used [0x11000000,0x19947d88,0x199c0000)
 Metaspace       used 44021K, capacity 45204K, committed 45312K, reserved 45440K
}
Event: 136.505 GC heap before
{Heap before GC invocations=28 (full 5):
 PSYoungGen      total 203520K, used 15158K [0x37800000, 0x48400000, 0x4ac00000)
  eden space 148480K, 0% used [0x37800000,0x37800000,0x40900000)
  from space 55040K, 27% used [0x40900000,0x417cd828,0x43ec0000)
  to   space 51968K, 0% used [0x45140000,0x45140000,0x48400000)
 ParOldGen       total 141056K, used 140575K [0x11000000, 0x199c0000, 0x37800000)
  object space 141056K, 99% used [0x11000000,0x19947d88,0x199c0000)
 Metaspace       used 44021K, capacity 45204K, committed 45312K, reserved 45440K
Event: 137.091 GC heap after
Heap after GC invocations=28 (full 5):
 PSYoungGen      total 203520K, used 0K [0x37800000, 0x48400000, 0x4ac00000)
  eden space 148480K, 0% used [0x37800000,0x37800000,0x40900000)
  from space 55040K, 0% used [0x40900000,0x40900000,0x43ec0000)
  to   space 51968K, 0% used [0x45140000,0x45140000,0x48400000)
 ParOldGen       total 133632K, used 58679K [0x11000000, 0x19280000, 0x37800000)
  object space 133632K, 43% used [0x11000000,0x1494deb0,0x19280000)
 Metaspace       used 43567K, capacity 44720K, committed 45312K, reserved 45440K
}
Event: 137.212 GC heap before
{Heap before GC invocations=29 (full 5):
 PSYoungGen      total 203520K, used 147488K [0x37800000, 0x48400000, 0x4ac00000)
  eden space 148480K, 99% used [0x37800000,0x40808138,0x40900000)
  from space 55040K, 0% used [0x40900000,0x40900000,0x43ec0000)
  to   space 51968K, 0% used [0x45140000,0x45140000,0x48400000)
 ParOldGen       total 133632K, used 58679K [0x11000000, 0x19280000, 0x37800000)
  object space 133632K, 43% used [0x11000000,0x1494deb0,0x19280000)
 Metaspace       used 43578K, capacity 44720K, committed 45312K, reserved 45440K
Event: 137.216 GC heap after
Heap after GC invocations=29 (full 5):
 PSYoungGen      total 219904K, used 64K [0x37800000, 0x48280000, 0x4ac00000)
  eden space 169472K, 0% used [0x37800000,0x37800000,0x41d80000)
  from space 50432K, 0% used [0x45140000,0x45150000,0x48280000)
  to   space 51712K, 0% used [0x41d80000,0x41d80000,0x45000000)
 ParOldGen       total 133632K, used 58679K [0x11000000, 0x19280000, 0x37800000)
  object space 133632K, 43% used [0x11000000,0x1494deb0,0x19280000)
 Metaspace       used 43578K, capacity 44720K, committed 45312K, reserved 45440K
}
Event: 158.179 GC heap before
{Heap before GC invocations=30 (full 5):
 PSYoungGen      total 219904K, used 169536K [0x37800000, 0x48280000, 0x4ac00000)
  eden space 169472K, 100% used [0x37800000,0x41d80000,0x41d80000)
  from space 50432K, 0% used [0x45140000,0x45150000,0x48280000)
  to   space 51712K, 0% used [0x41d80000,0x41d80000,0x45000000)
 ParOldGen       total 133632K, used 58679K [0x11000000, 0x19280000, 0x37800000)
  object space 133632K, 43% used [0x11000000,0x1494deb0,0x19280000)
 Metaspace       used 44623K, capacity 45884K, committed 45952K, reserved 46464K
Event: 158.259 GC heap after
Heap after GC invocations=30 (full 5):
 PSYoungGen      total 221184K, used 7629K [0x37800000, 0x48e00000, 0x4ac00000)
  eden space 169472K, 0% used [0x37800000,0x37800000,0x41d80000)
  from space 51712K, 14% used [0x41d80000,0x424f3430,0x45000000)
  to   space 49664K, 0% used [0x45d80000,0x45d80000,0x48e00000)
 ParOldGen       total 133632K, used 58683K [0x11000000, 0x19280000, 0x37800000)
  object space 133632K, 43% used [0x11000000,0x1494eeb0,0x19280000)
 Metaspace       used 44623K, capacity 45884K, committed 45952K, reserved 46464K
}
Event: 170.500 GC heap before
{Heap before GC invocations=31 (full 5):
 PSYoungGen      total 221184K, used 177101K [0x37800000, 0x48e00000, 0x4ac00000)
  eden space 169472K, 100% used [0x37800000,0x41d80000,0x41d80000)
  from space 51712K, 14% used [0x41d80000,0x424f3430,0x45000000)
  to   space 49664K, 0% used [0x45d80000,0x45d80000,0x48e00000)
 ParOldGen       total 133632K, used 58683K [0x11000000, 0x19280000, 0x37800000)
  object space 133632K, 43% used [0x11000000,0x1494eeb0,0x19280000)
 Metaspace       used 50249K, capacity 51889K, committed 51968K, reserved 52608K
Event: 170.572 GC heap after
Heap after GC invocations=31 (full 5):
 PSYoungGen      total 228352K, used 19094K [0x37800000, 0x488c0000, 0x4ac00000)
  eden space 184064K, 0% used [0x37800000,0x37800000,0x42bc0000)
  from space 44288K, 43% used [0x45d80000,0x47025be8,0x488c0000)
  to   space 47616K, 0% used [0x42bc0000,0x42bc0000,0x45a40000)
 ParOldGen       total 133632K, used 58687K [0x11000000, 0x19280000, 0x37800000)
  object space 133632K, 43% used [0x11000000,0x1494feb0,0x19280000)
 Metaspace       used 50249K, capacity 51889K, committed 51968K, reserved 52608K
}

