# JRE version: OpenJDK Runtime Environment (8.0_152-b06) (build 1.8.0_152-release-1136-b06)
# Java VM: OpenJDK Server VM (25.152-b06 mixed mode windows-x86 )
Heap:
 PSYoungGen      total 194048K, used 173719K [0x3da00000, 0x4cf40000, 0x50e00000)
  eden space 140544K, 100% used [0x3da00000,0x46340000,0x46340000)
  from space 53504K, 62% used [0x499c0000,0x4ba25fa8,0x4ce00000)
  to   space 55296K, 45% used [0x46340000,0x47bdbdf8,0x49940000)
 ParOldGen       total 197632K, used 141611K [0x17200000, 0x23300000, 0x3da00000)
  object space 197632K, 71% used [0x17200000,0x1fc4af90,0x23300000)
 Metaspace       used 49522K, capacity 50968K, committed 51072K, reserved 51584K
GC Heap History (10 events):
Event: 107.665 GC heap before
{Heap before GC invocations=25 (full 4):
 PSYoungGen      total 142848K, used 126976K [0x3da00000, 0x49180000, 0x50e00000)
  eden space 126976K, 100% used [0x3da00000,0x45600000,0x45600000)
  from space 15872K, 0% used [0x46f40000,0x46f40000,0x47ec0000)
  to   space 25856K, 0% used [0x45600000,0x45600000,0x46f40000)
 ParOldGen       total 124416K, used 72360K [0x17200000, 0x1eb80000, 0x3da00000)
  object space 124416K, 58% used [0x17200000,0x1b8aa388,0x1eb80000)
 Metaspace       used 41899K, capacity 43020K, committed 43136K, reserved 43392K
Event: 107.799 GC heap after
Heap after GC invocations=25 (full 4):
 PSYoungGen      total 152832K, used 25842K [0x3da00000, 0x4a8c0000, 0x50e00000)
  eden space 126976K, 0% used [0x3da00000,0x3da00000,0x45600000)
  from space 25856K, 99% used [0x45600000,0x46f3c8c0,0x46f40000)
  to   space 33792K, 0% used [0x487c0000,0x487c0000,0x4a8c0000)
 ParOldGen       total 124416K, used 82293K [0x17200000, 0x1eb80000, 0x3da00000)
  object space 124416K, 66% used [0x17200000,0x1c25d608,0x1eb80000)
 Metaspace       used 41899K, capacity 43020K, committed 43136K, reserved 43392K
}
Event: 109.911 GC heap before
{Heap before GC invocations=26 (full 4):
 PSYoungGen      total 152832K, used 152818K [0x3da00000, 0x4a8c0000, 0x50e00000)
  eden space 126976K, 100% used [0x3da00000,0x45600000,0x45600000)
  from space 25856K, 99% used [0x45600000,0x46f3c8c0,0x46f40000)
  to   space 33792K, 0% used [0x487c0000,0x487c0000,0x4a8c0000)
 ParOldGen       total 124416K, used 82293K [0x17200000, 0x1eb80000, 0x3da00000)
  object space 124416K, 66% used [0x17200000,0x1c25d608,0x1eb80000)
 Metaspace       used 41983K, capacity 43086K, committed 43136K, reserved 43392K
Event: 110.154 GC heap after
Heap after GC invocations=26 (full 4):
 PSYoungGen      total 157696K, used 33781K [0x3da00000, 0x4de40000, 0x50e00000)
  eden space 123904K, 0% used [0x3da00000,0x3da00000,0x45300000)
  from space 33792K, 99% used [0x487c0000,0x4a8bd420,0x4a8c0000)
  to   space 54016K, 0% used [0x45300000,0x45300000,0x487c0000)
 ParOldGen       total 124416K, used 121579K [0x17200000, 0x1eb80000, 0x3da00000)
  object space 124416K, 97% used [0x17200000,0x1e8bacf8,0x1eb80000)
 Metaspace       used 41983K, capacity 43086K, committed 43136K, reserved 43392K
}
Event: 110.154 GC heap before
{Heap before GC invocations=27 (full 5):
 PSYoungGen      total 157696K, used 33781K [0x3da00000, 0x4de40000, 0x50e00000)
  eden space 123904K, 0% used [0x3da00000,0x3da00000,0x45300000)
  from space 33792K, 99% used [0x487c0000,0x4a8bd420,0x4a8c0000)
  to   space 54016K, 0% used [0x45300000,0x45300000,0x487c0000)
 ParOldGen       total 124416K, used 121579K [0x17200000, 0x1eb80000, 0x3da00000)
  object space 124416K, 97% used [0x17200000,0x1e8bacf8,0x1eb80000)
 Metaspace       used 41983K, capacity 43086K, committed 43136K, reserved 43392K
Event: 111.669 GC heap after
Heap after GC invocations=27 (full 5):
 PSYoungGen      total 157696K, used 17325K [0x3da00000, 0x4de40000, 0x50e00000)
  eden space 123904K, 0% used [0x3da00000,0x3da00000,0x45300000)
  from space 33792K, 51% used [0x487c0000,0x498ab6e0,0x4a8c0000)
  to   space 54016K, 0% used [0x45300000,0x45300000,0x487c0000)
 ParOldGen       total 197632K, used 124178K [0x17200000, 0x23300000, 0x3da00000)
  object space 197632K, 62% used [0x17200000,0x1eb44910,0x23300000)
 Metaspace       used 41983K, capacity 43086K, committed 43136K, reserved 43392K
}
Event: 127.359 GC heap before
{Heap before GC invocations=28 (full 5):
 PSYoungGen      total 157696K, used 141229K [0x3da00000, 0x4de40000, 0x50e00000)
  eden space 123904K, 100% used [0x3da00000,0x45300000,0x45300000)
  from space 33792K, 51% used [0x487c0000,0x498ab6e0,0x4a8c0000)
  to   space 54016K, 0% used [0x45300000,0x45300000,0x487c0000)
 ParOldGen       total 197632K, used 124178K [0x17200000, 0x23300000, 0x3da00000)
  object space 197632K, 62% used [0x17200000,0x1eb44910,0x23300000)
 Metaspace       used 42838K, capacity 43950K, committed 44032K, reserved 44416K
Event: 127.539 GC heap after
Heap after GC invocations=28 (full 5):
 PSYoungGen      total 177920K, used 26719K [0x3da00000, 0x4ce00000, 0x50e00000)
  eden space 123904K, 0% used [0x3da00000,0x3da00000,0x45300000)
  from space 54016K, 49% used [0x45300000,0x46d17e68,0x487c0000)
  to   space 53504K, 0% used [0x499c0000,0x499c0000,0x4ce00000)
 ParOldGen       total 197632K, used 141607K [0x17200000, 0x23300000, 0x3da00000)
  object space 197632K, 71% used [0x17200000,0x1fc49f90,0x23300000)
 Metaspace       used 42838K, capacity 43950K, committed 44032K, reserved 44416K
}
Event: 143.872 GC heap before
{Heap before GC invocations=29 (full 5):
 PSYoungGen      total 177920K, used 150623K [0x3da00000, 0x4ce00000, 0x50e00000)
  eden space 123904K, 100% used [0x3da00000,0x45300000,0x45300000)
  from space 54016K, 49% used [0x45300000,0x46d17e68,0x487c0000)
  to   space 53504K, 0% used [0x499c0000,0x499c0000,0x4ce00000)
 ParOldGen       total 197632K, used 141607K [0x17200000, 0x23300000, 0x3da00000)
  object space 197632K, 71% used [0x17200000,0x1fc49f90,0x23300000)
 Metaspace       used 43559K, capacity 44693K, committed 44800K, reserved 45440K
Event: 143.985 GC heap after
Heap after GC invocations=29 (full 5):
 PSYoungGen      total 194048K, used 33175K [0x3da00000, 0x4cf40000, 0x50e00000)
  eden space 140544K, 0% used [0x3da00000,0x3da00000,0x46340000)
  from space 53504K, 62% used [0x499c0000,0x4ba25fa8,0x4ce00000)
  to   space 55296K, 0% used [0x46340000,0x46340000,0x49940000)
 ParOldGen       total 197632K, used 141611K [0x17200000, 0x23300000, 0x3da00000)
  object space 197632K, 71% used [0x17200000,0x1fc4af90,0x23300000)
 Metaspace       used 43559K, capacity 44693K, committed 44800K, reserved 45440K
}

