# JRE version: OpenJDK Runtime Environment (8.0_152-b06) (build 1.8.0_152-release-1136-b06)
# Java VM: OpenJDK Server VM (25.152-b06 mixed mode windows-x86 )
Heap:
 PSYoungGen      total 191232K, used 123771K [0x3d800000, 0x50880000, 0x50c00000)
  eden space 140032K, 80% used [0x3d800000,0x446b3978,0x460c0000)
  from space 51200K, 20% used [0x460c0000,0x46aeb2f8,0x492c0000)
  to   space 71424K, 0% used [0x4c2c0000,0x4c2c0000,0x50880000)
 ParOldGen       total 153856K, used 153847K [0x17000000, 0x20640000, 0x3d800000)
  object space 153856K, 99% used [0x17000000,0x2063dfc8,0x20640000)
 Metaspace       used 44682K, capacity 45736K, committed 45824K, reserved 46464K
GC Heap History (10 events):
Event: 100.295 GC heap before
{Heap before GC invocations=20 (full 3):
 PSYoungGen      total 163584K, used 146259K [0x3d800000, 0x49100000, 0x50c00000)
  eden space 141056K, 100% used [0x3d800000,0x461c0000,0x461c0000)
  from space 22528K, 23% used [0x47880000,0x47d94dc0,0x48e80000)
  to   space 23296K, 0% used [0x461c0000,0x461c0000,0x47880000)
 ParOldGen       total 79616K, used 43441K [0x17000000, 0x1bdc0000, 0x3d800000)
  object space 79616K, 54% used [0x17000000,0x19a6c5e0,0x1bdc0000)
 Metaspace       used 40901K, capacity 41961K, committed 41984K, reserved 42368K
Event: 100.413 GC heap after
Heap after GC invocations=20 (full 3):
 PSYoungGen      total 164352K, used 23282K [0x3d800000, 0x4b240000, 0x50c00000)
  eden space 141056K, 0% used [0x3d800000,0x3d800000,0x461c0000)
  from space 23296K, 99% used [0x461c0000,0x4787cba8,0x47880000)
  to   space 32256K, 0% used [0x492c0000,0x492c0000,0x4b240000)
 ParOldGen       total 79616K, used 57375K [0x17000000, 0x1bdc0000, 0x3d800000)
  object space 79616K, 72% used [0x17000000,0x1a807c40,0x1bdc0000)
 Metaspace       used 40901K, capacity 41961K, committed 41984K, reserved 42368K
}
Event: 104.086 GC heap before
{Heap before GC invocations=21 (full 3):
 PSYoungGen      total 164352K, used 164338K [0x3d800000, 0x4b240000, 0x50c00000)
  eden space 141056K, 100% used [0x3d800000,0x461c0000,0x461c0000)
  from space 23296K, 99% used [0x461c0000,0x4787cba8,0x47880000)
  to   space 32256K, 0% used [0x492c0000,0x492c0000,0x4b240000)
 ParOldGen       total 79616K, used 57375K [0x17000000, 0x1bdc0000, 0x3d800000)
  object space 79616K, 72% used [0x17000000,0x1a807c40,0x1bdc0000)
 Metaspace       used 41934K, capacity 43017K, committed 43136K, reserved 43392K
Event: 104.323 GC heap after
Heap after GC invocations=21 (full 3):
 PSYoungGen      total 172288K, used 32245K [0x3d800000, 0x4e240000, 0x50c00000)
  eden space 140032K, 0% used [0x3d800000,0x3d800000,0x460c0000)
  from space 32256K, 99% used [0x492c0000,0x4b23d470,0x4b240000)
  to   space 51200K, 0% used [0x460c0000,0x460c0000,0x492c0000)
 ParOldGen       total 93952K, used 93707K [0x17000000, 0x1cbc0000, 0x3d800000)
  object space 93952K, 99% used [0x17000000,0x1cb82d60,0x1cbc0000)
 Metaspace       used 41934K, capacity 43017K, committed 43136K, reserved 43392K
}
Event: 104.323 GC heap before
{Heap before GC invocations=22 (full 4):
 PSYoungGen      total 172288K, used 32245K [0x3d800000, 0x4e240000, 0x50c00000)
  eden space 140032K, 0% used [0x3d800000,0x3d800000,0x460c0000)
  from space 32256K, 99% used [0x492c0000,0x4b23d470,0x4b240000)
  to   space 51200K, 0% used [0x460c0000,0x460c0000,0x492c0000)
 ParOldGen       total 93952K, used 93707K [0x17000000, 0x1cbc0000, 0x3d800000)
  object space 93952K, 99% used [0x17000000,0x1cb82d60,0x1cbc0000)
 Metaspace       used 41934K, capacity 43017K, committed 43136K, reserved 43392K
Event: 105.675 GC heap after
Heap after GC invocations=22 (full 4):
 PSYoungGen      total 172288K, used 28890K [0x3d800000, 0x4e240000, 0x50c00000)
  eden space 140032K, 0% used [0x3d800000,0x3d800000,0x460c0000)
  from space 32256K, 89% used [0x492c0000,0x4aef6800,0x4b240000)
  to   space 51200K, 0% used [0x460c0000,0x460c0000,0x492c0000)
 ParOldGen       total 153856K, used 93767K [0x17000000, 0x20640000, 0x3d800000)
  object space 153856K, 60% used [0x17000000,0x1cb91fa0,0x20640000)
 Metaspace       used 41934K, capacity 43017K, committed 43136K, reserved 43392K
}
Event: 111.494 GC heap before
{Heap before GC invocations=23 (full 4):
 PSYoungGen      total 172288K, used 168922K [0x3d800000, 0x4e240000, 0x50c00000)
  eden space 140032K, 100% used [0x3d800000,0x460c0000,0x460c0000)
  from space 32256K, 89% used [0x492c0000,0x4aef6800,0x4b240000)
  to   space 51200K, 0% used [0x460c0000,0x460c0000,0x492c0000)
 ParOldGen       total 153856K, used 93767K [0x17000000, 0x20640000, 0x3d800000)
  object space 153856K, 60% used [0x17000000,0x1cb91fa0,0x20640000)
 Metaspace       used 42559K, capacity 43630K, committed 43776K, reserved 44416K
Event: 111.808 GC heap after
Heap after GC invocations=23 (full 4):
 PSYoungGen      total 191232K, used 51195K [0x3d800000, 0x50880000, 0x50c00000)
  eden space 140032K, 0% used [0x3d800000,0x3d800000,0x460c0000)
  from space 51200K, 99% used [0x460c0000,0x492bef00,0x492c0000)
  to   space 71424K, 0% used [0x4c2c0000,0x4c2c0000,0x50880000)
 ParOldGen       total 153856K, used 123992K [0x17000000, 0x20640000, 0x3d800000)
  object space 153856K, 80% used [0x17000000,0x1e916188,0x20640000)
 Metaspace       used 42559K, capacity 43630K, committed 43776K, reserved 44416K
}
Event: 111.808 GC heap before
{Heap before GC invocations=24 (full 5):
 PSYoungGen      total 191232K, used 51195K [0x3d800000, 0x50880000, 0x50c00000)
  eden space 140032K, 0% used [0x3d800000,0x3d800000,0x460c0000)
  from space 51200K, 99% used [0x460c0000,0x492bef00,0x492c0000)
  to   space 71424K, 0% used [0x4c2c0000,0x4c2c0000,0x50880000)
 ParOldGen       total 153856K, used 123992K [0x17000000, 0x20640000, 0x3d800000)
  object space 153856K, 80% used [0x17000000,0x1e916188,0x20640000)
 Metaspace       used 42559K, capacity 43630K, committed 43776K, reserved 44416K
Event: 113.448 GC heap after
Heap after GC invocations=24 (full 5):
 PSYoungGen      total 191232K, used 10412K [0x3d800000, 0x50880000, 0x50c00000)
  eden space 140032K, 0% used [0x3d800000,0x3d800000,0x460c0000)
  from space 51200K, 20% used [0x460c0000,0x46aeb2f8,0x492c0000)
  to   space 71424K, 0% used [0x4c2c0000,0x4c2c0000,0x50880000)
 ParOldGen       total 153856K, used 153847K [0x17000000, 0x20640000, 0x3d800000)
  object space 153856K, 99% used [0x17000000,0x2063dfc8,0x20640000)
 Metaspace       used 42559K, capacity 43630K, committed 43776K, reserved 44416K
}

