# JRE version: OpenJDK Runtime Environment (8.0_152-b06) (build 1.8.0_152-release-1136-b06)
# Java VM: OpenJDK Server VM (25.152-b06 mixed mode windows-x86 )
Heap:
 PSYoungGen      total 175872K, used 14093K [0x33d80000, 0x43940000, 0x45000000)
  eden space 145408K, 9% used [0x33d80000,0x34a85050,0x3cb80000)
  from space 30464K, 2% used [0x3cb80000,0x3cc3e548,0x3e940000)
  to   space 45312K, 0% used [0x40d00000,0x40d00000,0x43940000)
 ParOldGen       total 179968K, used 116025K [0x11800000, 0x1c7c0000, 0x33d80000)
  object space 179968K, 64% used [0x11800000,0x1894e468,0x1c7c0000)
 Metaspace       used 42201K, capacity 43323K, committed 43392K, reserved 43392K
GC Heap History (10 events):
Event: 87.080 GC heap before
{Heap before GC invocations=22 (full 3):
 PSYoungGen      total 150528K, used 15351K [0x33d80000, 0x3fc80000, 0x45000000)
  eden space 135168K, 0% used [0x33d80000,0x33d80000,0x3c180000)
  from space 15360K, 99% used [0x3c180000,0x3d07dc10,0x3d080000)
  to   space 19712K, 0% used [0x3e940000,0x3e940000,0x3fc80000)
 ParOldGen       total 40960K, used 34053K [0x11800000, 0x14000000, 0x33d80000)
  object space 40960K, 83% used [0x11800000,0x13941660,0x14000000)
 Metaspace       used 40888K, capacity 41976K, committed 41984K, reserved 42368K
Event: 87.993 GC heap after
Heap after GC invocations=22 (full 3):
 PSYoungGen      total 150528K, used 6088K [0x33d80000, 0x3fc80000, 0x45000000)
  eden space 135168K, 0% used [0x33d80000,0x33d80000,0x3c180000)
  from space 15360K, 39% used [0x3c180000,0x3c772148,0x3d080000)
  to   space 19712K, 0% used [0x3e940000,0x3e940000,0x3fc80000)
 ParOldGen       total 70656K, used 40764K [0x11800000, 0x15d00000, 0x33d80000)
  object space 70656K, 57% used [0x11800000,0x13fcf1c0,0x15d00000)
 Metaspace       used 40888K, capacity 41976K, committed 41984K, reserved 42368K
}
Event: 95.179 GC heap before
{Heap before GC invocations=23 (full 3):
 PSYoungGen      total 150528K, used 141256K [0x33d80000, 0x3fc80000, 0x45000000)
  eden space 135168K, 100% used [0x33d80000,0x3c180000,0x3c180000)
  from space 15360K, 39% used [0x3c180000,0x3c772148,0x3d080000)
  to   space 19712K, 0% used [0x3e940000,0x3e940000,0x3fc80000)
 ParOldGen       total 70656K, used 40764K [0x11800000, 0x15d00000, 0x33d80000)
  object space 70656K, 57% used [0x11800000,0x13fcf1c0,0x15d00000)
 Metaspace       used 41402K, capacity 42488K, committed 42496K, reserved 43392K
Event: 95.395 GC heap after
Heap after GC invocations=23 (full 3):
 PSYoungGen      total 165120K, used 19706K [0x33d80000, 0x41580000, 0x45000000)
  eden space 145408K, 0% used [0x33d80000,0x33d80000,0x3cb80000)
  from space 19712K, 99% used [0x3e940000,0x3fc7ebc8,0x3fc80000)
  to   space 30464K, 0% used [0x3cb80000,0x3cb80000,0x3e940000)
 ParOldGen       total 70656K, used 61323K [0x11800000, 0x15d00000, 0x33d80000)
  object space 70656K, 86% used [0x11800000,0x153e2ca0,0x15d00000)
 Metaspace       used 41402K, capacity 42488K, committed 42496K, reserved 43392K
}
Event: 95.395 GC heap before
{Heap before GC invocations=24 (full 4):
 PSYoungGen      total 165120K, used 19706K [0x33d80000, 0x41580000, 0x45000000)
  eden space 145408K, 0% used [0x33d80000,0x33d80000,0x3cb80000)
  from space 19712K, 99% used [0x3e940000,0x3fc7ebc8,0x3fc80000)
  to   space 30464K, 0% used [0x3cb80000,0x3cb80000,0x3e940000)
 ParOldGen       total 70656K, used 61323K [0x11800000, 0x15d00000, 0x33d80000)
  object space 70656K, 86% used [0x11800000,0x153e2ca0,0x15d00000)
 Metaspace       used 41402K, capacity 42488K, committed 42496K, reserved 43392K
Event: 96.113 GC heap after
Heap after GC invocations=24 (full 4):
 PSYoungGen      total 165120K, used 9657K [0x33d80000, 0x41580000, 0x45000000)
  eden space 145408K, 0% used [0x33d80000,0x33d80000,0x3cb80000)
  from space 19712K, 48% used [0x3e940000,0x3f2ae690,0x3fc80000)
  to   space 30464K, 0% used [0x3cb80000,0x3cb80000,0x3e940000)
 ParOldGen       total 116224K, used 70057K [0x11800000, 0x18980000, 0x33d80000)
  object space 116224K, 60% used [0x11800000,0x15c6a410,0x18980000)
 Metaspace       used 41402K, capacity 42488K, committed 42496K, reserved 43392K
}
Event: 100.217 GC heap before
{Heap before GC invocations=25 (full 4):
 PSYoungGen      total 165120K, used 155065K [0x33d80000, 0x41580000, 0x45000000)
  eden space 145408K, 100% used [0x33d80000,0x3cb80000,0x3cb80000)
  from space 19712K, 48% used [0x3e940000,0x3f2ae690,0x3fc80000)
  to   space 30464K, 0% used [0x3cb80000,0x3cb80000,0x3e940000)
 ParOldGen       total 116224K, used 70057K [0x11800000, 0x18980000, 0x33d80000)
  object space 116224K, 60% used [0x11800000,0x15c6a410,0x18980000)
 Metaspace       used 42196K, capacity 43323K, committed 43392K, reserved 43392K
Event: 100.408 GC heap after
Heap after GC invocations=25 (full 4):
 PSYoungGen      total 175872K, used 30463K [0x33d80000, 0x43940000, 0x45000000)
  eden space 145408K, 0% used [0x33d80000,0x33d80000,0x3cb80000)
  from space 30464K, 99% used [0x3cb80000,0x3e93ff98,0x3e940000)
  to   space 45312K, 0% used [0x40d00000,0x40d00000,0x43940000)
 ParOldGen       total 116224K, used 95882K [0x11800000, 0x18980000, 0x33d80000)
  object space 116224K, 82% used [0x11800000,0x175a2b38,0x18980000)
 Metaspace       used 42196K, capacity 43323K, committed 43392K, reserved 43392K
}
Event: 100.409 GC heap before
{Heap before GC invocations=26 (full 5):
 PSYoungGen      total 175872K, used 30463K [0x33d80000, 0x43940000, 0x45000000)
  eden space 145408K, 0% used [0x33d80000,0x33d80000,0x3cb80000)
  from space 30464K, 99% used [0x3cb80000,0x3e93ff98,0x3e940000)
  to   space 45312K, 0% used [0x40d00000,0x40d00000,0x43940000)
 ParOldGen       total 116224K, used 95882K [0x11800000, 0x18980000, 0x33d80000)
  object space 116224K, 82% used [0x11800000,0x175a2b38,0x18980000)
 Metaspace       used 42196K, capacity 43323K, committed 43392K, reserved 43392K
Event: 101.707 GC heap after
Heap after GC invocations=26 (full 5):
 PSYoungGen      total 175872K, used 761K [0x33d80000, 0x43940000, 0x45000000)
  eden space 145408K, 0% used [0x33d80000,0x33d80000,0x3cb80000)
  from space 30464K, 2% used [0x3cb80000,0x3cc3e548,0x3e940000)
  to   space 45312K, 0% used [0x40d00000,0x40d00000,0x43940000)
 ParOldGen       total 179968K, used 116025K [0x11800000, 0x1c7c0000, 0x33d80000)
  object space 179968K, 64% used [0x11800000,0x1894e468,0x1c7c0000)
 Metaspace       used 42196K, capacity 43323K, committed 43392K, reserved 43392K
}

