# JRE version: OpenJDK Runtime Environment (8.0_152-b06) (build 1.8.0_152-release-1136-b06)
# Java VM: OpenJDK Server VM (25.152-b06 mixed mode windows-x86 )
Heap:
 PSYoungGen      total 219904K, used 94680K [0x33380000, 0x43000000, 0x44600000)
  eden space 182016K, 34% used [0x33380000,0x3717ecc0,0x3e540000)
  from space 37888K, 82% used [0x3e540000,0x403b74e0,0x40a40000)
  to   space 36352K, 0% used [0x40a40000,0x40a40000,0x42dc0000)
 ParOldGen       total 130304K, used 79977K [0x10e00000, 0x18d40000, 0x33380000)
  object space 130304K, 61% used [0x10e00000,0x15c1a690,0x18d40000)
 Metaspace       used 54418K, capacity 56051K, committed 56064K, reserved 56704K
GC Heap History (10 events):
Event: 345.846 GC heap before
{Heap before GC invocations=31 (full 4):
 PSYoungGen      total 182016K, used 161529K [0x33380000, 0x41d80000, 0x44600000)
  eden space 154880K, 100% used [0x33380000,0x3cac0000,0x3cac0000)
  from space 27136K, 24% used [0x3ef40000,0x3f5be618,0x409c0000)
  to   space 37376K, 0% used [0x3cac0000,0x3cac0000,0x3ef40000)
 ParOldGen       total 130304K, used 79289K [0x10e00000, 0x18d40000, 0x33380000)
  object space 130304K, 60% used [0x10e00000,0x15b6e610,0x18d40000)
 Metaspace       used 48939K, capacity 50360K, committed 50432K, reserved 50560K
Event: 345.964 GC heap after
Heap after GC invocations=31 (full 4):
 PSYoungGen      total 192256K, used 11155K [0x33380000, 0x41ec0000, 0x44600000)
  eden space 154880K, 0% used [0x33380000,0x33380000,0x3cac0000)
  from space 37376K, 29% used [0x3cac0000,0x3d5a4fd0,0x3ef40000)
  to   space 35584K, 0% used [0x3fc00000,0x3fc00000,0x41ec0000)
 ParOldGen       total 130304K, used 79953K [0x10e00000, 0x18d40000, 0x33380000)
  object space 130304K, 61% used [0x10e00000,0x15c14690,0x18d40000)
 Metaspace       used 48939K, capacity 50360K, committed 50432K, reserved 50560K
}
Event: 404.401 GC heap before
{Heap before GC invocations=32 (full 4):
 PSYoungGen      total 192256K, used 166035K [0x33380000, 0x41ec0000, 0x44600000)
  eden space 154880K, 100% used [0x33380000,0x3cac0000,0x3cac0000)
  from space 37376K, 29% used [0x3cac0000,0x3d5a4fd0,0x3ef40000)
  to   space 35584K, 0% used [0x3fc00000,0x3fc00000,0x41ec0000)
 ParOldGen       total 130304K, used 79953K [0x10e00000, 0x18d40000, 0x33380000)
  object space 130304K, 61% used [0x10e00000,0x15c14690,0x18d40000)
 Metaspace       used 49058K, capacity 50458K, committed 50560K, reserved 50560K
Event: 404.716 GC heap after
Heap after GC invocations=32 (full 4):
 PSYoungGen      total 201728K, used 17925K [0x33380000, 0x41c40000, 0x44600000)
  eden space 168704K, 0% used [0x33380000,0x33380000,0x3d840000)
  from space 33024K, 54% used [0x3fc00000,0x40d817b0,0x41c40000)
  to   space 34816K, 0% used [0x3d840000,0x3d840000,0x3fa40000)
 ParOldGen       total 130304K, used 79957K [0x10e00000, 0x18d40000, 0x33380000)
  object space 130304K, 61% used [0x10e00000,0x15c15690,0x18d40000)
 Metaspace       used 49058K, capacity 50458K, committed 50560K, reserved 50560K
}
Event: 536.587 GC heap before
{Heap before GC invocations=33 (full 4):
 PSYoungGen      total 201728K, used 186629K [0x33380000, 0x41c40000, 0x44600000)
  eden space 168704K, 100% used [0x33380000,0x3d840000,0x3d840000)
  from space 33024K, 54% used [0x3fc00000,0x40d817b0,0x41c40000)
  to   space 34816K, 0% used [0x3d840000,0x3d840000,0x3fa40000)
 ParOldGen       total 130304K, used 79957K [0x10e00000, 0x18d40000, 0x33380000)
  object space 130304K, 61% used [0x10e00000,0x15c15690,0x18d40000)
 Metaspace       used 49621K, capacity 51121K, committed 51200K, reserved 51584K
Event: 537.633 GC heap after
Heap after GC invocations=33 (full 4):
 PSYoungGen      total 203520K, used 24511K [0x33380000, 0x42dc0000, 0x44600000)
  eden space 168704K, 0% used [0x33380000,0x33380000,0x3d840000)
  from space 34816K, 70% used [0x3d840000,0x3f02fd90,0x3fa40000)
  to   space 36352K, 0% used [0x40a40000,0x40a40000,0x42dc0000)
 ParOldGen       total 130304K, used 79961K [0x10e00000, 0x18d40000, 0x33380000)
  object space 130304K, 61% used [0x10e00000,0x15c16690,0x18d40000)
 Metaspace       used 49621K, capacity 51121K, committed 51200K, reserved 51584K
}
Event: 750.342 GC heap before
{Heap before GC invocations=34 (full 4):
 PSYoungGen      total 203520K, used 193215K [0x33380000, 0x42dc0000, 0x44600000)
  eden space 168704K, 100% used [0x33380000,0x3d840000,0x3d840000)
  from space 34816K, 70% used [0x3d840000,0x3f02fd90,0x3fa40000)
  to   space 36352K, 0% used [0x40a40000,0x40a40000,0x42dc0000)
 ParOldGen       total 130304K, used 79961K [0x10e00000, 0x18d40000, 0x33380000)
  object space 130304K, 61% used [0x10e00000,0x15c16690,0x18d40000)
 Metaspace       used 53624K, capacity 55256K, committed 55296K, reserved 55680K
Event: 751.601 GC heap after
Heap after GC invocations=34 (full 4):
 PSYoungGen      total 218368K, used 25480K [0x33380000, 0x43000000, 0x44600000)
  eden space 182016K, 0% used [0x33380000,0x33380000,0x3e540000)
  from space 36352K, 70% used [0x40a40000,0x42322110,0x42dc0000)
  to   space 37888K, 0% used [0x3e540000,0x3e540000,0x40a40000)
 ParOldGen       total 130304K, used 79973K [0x10e00000, 0x18d40000, 0x33380000)
  object space 130304K, 61% used [0x10e00000,0x15c19690,0x18d40000)
 Metaspace       used 53624K, capacity 55256K, committed 55296K, reserved 55680K
}
Event: 810.475 GC heap before
{Heap before GC invocations=35 (full 4):
 PSYoungGen      total 218368K, used 207496K [0x33380000, 0x43000000, 0x44600000)
  eden space 182016K, 100% used [0x33380000,0x3e540000,0x3e540000)
  from space 36352K, 70% used [0x40a40000,0x42322110,0x42dc0000)
  to   space 37888K, 0% used [0x3e540000,0x3e540000,0x40a40000)
 ParOldGen       total 130304K, used 79973K [0x10e00000, 0x18d40000, 0x33380000)
  object space 130304K, 61% used [0x10e00000,0x15c19690,0x18d40000)
 Metaspace       used 54226K, capacity 55867K, committed 55936K, reserved 56704K
Event: 811.594 GC heap after
Heap after GC invocations=35 (full 4):
 PSYoungGen      total 219904K, used 31197K [0x33380000, 0x43000000, 0x44600000)
  eden space 182016K, 0% used [0x33380000,0x33380000,0x3e540000)
  from space 37888K, 82% used [0x3e540000,0x403b74e0,0x40a40000)
  to   space 36352K, 0% used [0x40a40000,0x40a40000,0x42dc0000)
 ParOldGen       total 130304K, used 79977K [0x10e00000, 0x18d40000, 0x33380000)
  object space 130304K, 61% used [0x10e00000,0x15c1a690,0x18d40000)
 Metaspace       used 54226K, capacity 55867K, committed 55936K, reserved 56704K
}

