# JRE version: OpenJDK Runtime Environment (8.0_152-b06) (build 1.8.0_152-release-1136-b06)
# Java VM: OpenJDK Server VM (25.152-b06 mixed mode windows-x86 )
Heap:
 PSYoungGen      total 152576K, used 42052K [0x3da00000, 0x4ab00000, 0x50e00000)
  eden space 134400K, 23% used [0x3da00000,0x3f8a8590,0x45d40000)
  from space 18176K, 58% used [0x47d40000,0x487a8ab8,0x48f00000)
  to   space 32768K, 0% used [0x45d40000,0x45d40000,0x47d40000)
 ParOldGen       total 73984K, used 73805K [0x17200000, 0x1ba40000, 0x3da00000)
  object space 73984K, 99% used [0x17200000,0x1ba136b0,0x1ba40000)
 Metaspace       used 41308K, capacity 42345K, committed 42368K, reserved 42368K
GC Heap History (10 events):
Event: 41.297 GC heap before
{Heap before GC invocations=20 (full 2):
 PSYoungGen      total 127744K, used 127728K [0x3da00000, 0x47980000, 0x50e00000)
  eden space 117760K, 100% used [0x3da00000,0x44d00000,0x44d00000)
  from space 9984K, 99% used [0x44d00000,0x456bc0c8,0x456c0000)
  to   space 15104K, 0% used [0x46ac0000,0x46ac0000,0x47980000)
 ParOldGen       total 40960K, used 29329K [0x17200000, 0x19a00000, 0x3da00000)
  object space 40960K, 71% used [0x17200000,0x18ea4790,0x19a00000)
 Metaspace       used 37963K, capacity 38958K, committed 39040K, reserved 39296K
Event: 41.379 GC heap after
Heap after GC invocations=20 (full 2):
 PSYoungGen      total 147712K, used 9455K [0x3da00000, 0x47fc0000, 0x50e00000)
  eden space 132608K, 0% used [0x3da00000,0x3da00000,0x45b80000)
  from space 15104K, 62% used [0x46ac0000,0x473fbc28,0x47980000)
  to   space 15616K, 0% used [0x45b80000,0x45b80000,0x46ac0000)
 ParOldGen       total 40960K, used 39357K [0x17200000, 0x19a00000, 0x3da00000)
  object space 40960K, 96% used [0x17200000,0x1986f6e0,0x19a00000)
 Metaspace       used 37963K, capacity 38958K, committed 39040K, reserved 39296K
}
Event: 41.379 GC heap before
{Heap before GC invocations=21 (full 3):
 PSYoungGen      total 147712K, used 9455K [0x3da00000, 0x47fc0000, 0x50e00000)
  eden space 132608K, 0% used [0x3da00000,0x3da00000,0x45b80000)
  from space 15104K, 62% used [0x46ac0000,0x473fbc28,0x47980000)
  to   space 15616K, 0% used [0x45b80000,0x45b80000,0x46ac0000)
 ParOldGen       total 40960K, used 39357K [0x17200000, 0x19a00000, 0x3da00000)
  object space 40960K, 96% used [0x17200000,0x1986f6e0,0x19a00000)
 Metaspace       used 37963K, capacity 38958K, committed 39040K, reserved 39296K
Event: 42.319 GC heap after
Heap after GC invocations=21 (full 3):
 PSYoungGen      total 147712K, used 4416K [0x3da00000, 0x47fc0000, 0x50e00000)
  eden space 132608K, 0% used [0x3da00000,0x3da00000,0x45b80000)
  from space 15104K, 29% used [0x46ac0000,0x46f10028,0x47980000)
  to   space 15616K, 0% used [0x45b80000,0x45b80000,0x46ac0000)
 ParOldGen       total 73984K, used 40723K [0x17200000, 0x1ba40000, 0x3da00000)
  object space 73984K, 55% used [0x17200000,0x199c4dd0,0x1ba40000)
 Metaspace       used 37963K, capacity 38958K, committed 39040K, reserved 39296K
}
Event: 67.816 GC heap before
{Heap before GC invocations=22 (full 3):
 PSYoungGen      total 147712K, used 137024K [0x3da00000, 0x47fc0000, 0x50e00000)
  eden space 132608K, 100% used [0x3da00000,0x45b80000,0x45b80000)
  from space 15104K, 29% used [0x46ac0000,0x46f10028,0x47980000)
  to   space 15616K, 0% used [0x45b80000,0x45b80000,0x46ac0000)
 ParOldGen       total 73984K, used 40723K [0x17200000, 0x1ba40000, 0x3da00000)
  object space 73984K, 55% used [0x17200000,0x199c4dd0,0x1ba40000)
 Metaspace       used 40741K, capacity 41769K, committed 41856K, reserved 42368K
Event: 67.931 GC heap after
Heap after GC invocations=22 (full 3):
 PSYoungGen      total 148224K, used 15616K [0x3da00000, 0x48f00000, 0x50e00000)
  eden space 132608K, 0% used [0x3da00000,0x3da00000,0x45b80000)
  from space 15616K, 100% used [0x45b80000,0x46ac0000,0x46ac0000)
  to   space 18176K, 0% used [0x47d40000,0x47d40000,0x48f00000)
 ParOldGen       total 73984K, used 40871K [0x17200000, 0x1ba40000, 0x3da00000)
  object space 73984K, 55% used [0x17200000,0x199e9d48,0x1ba40000)
 Metaspace       used 40741K, capacity 41769K, committed 41856K, reserved 42368K
}
Event: 81.596 GC heap before
{Heap before GC invocations=23 (full 3):
 PSYoungGen      total 148224K, used 148224K [0x3da00000, 0x48f00000, 0x50e00000)
  eden space 132608K, 100% used [0x3da00000,0x45b80000,0x45b80000)
  from space 15616K, 100% used [0x45b80000,0x46ac0000,0x46ac0000)
  to   space 18176K, 0% used [0x47d40000,0x47d40000,0x48f00000)
 ParOldGen       total 73984K, used 40871K [0x17200000, 0x1ba40000, 0x3da00000)
  object space 73984K, 55% used [0x17200000,0x199e9d48,0x1ba40000)
 Metaspace       used 41149K, capacity 42185K, committed 42240K, reserved 42368K
Event: 81.729 GC heap after
Heap after GC invocations=23 (full 3):
 PSYoungGen      total 152576K, used 18170K [0x3da00000, 0x4ab00000, 0x50e00000)
  eden space 134400K, 0% used [0x3da00000,0x3da00000,0x45d40000)
  from space 18176K, 99% used [0x47d40000,0x48efe838,0x48f00000)
  to   space 32768K, 0% used [0x45d40000,0x45d40000,0x47d40000)
 ParOldGen       total 73984K, used 72326K [0x17200000, 0x1ba40000, 0x3da00000)
  object space 73984K, 97% used [0x17200000,0x1b8a1a18,0x1ba40000)
 Metaspace       used 41149K, capacity 42185K, committed 42240K, reserved 42368K
}
Event: 81.730 GC heap before
{Heap before GC invocations=24 (full 4):
 PSYoungGen      total 152576K, used 18170K [0x3da00000, 0x4ab00000, 0x50e00000)
  eden space 134400K, 0% used [0x3da00000,0x3da00000,0x45d40000)
  from space 18176K, 99% used [0x47d40000,0x48efe838,0x48f00000)
  to   space 32768K, 0% used [0x45d40000,0x45d40000,0x47d40000)
 ParOldGen       total 73984K, used 72326K [0x17200000, 0x1ba40000, 0x3da00000)
  object space 73984K, 97% used [0x17200000,0x1b8a1a18,0x1ba40000)
 Metaspace       used 41149K, capacity 42185K, committed 42240K, reserved 42368K
Event: 82.666 GC heap after
Heap after GC invocations=24 (full 4):
 PSYoungGen      total 152576K, used 10658K [0x3da00000, 0x4ab00000, 0x50e00000)
  eden space 134400K, 0% used [0x3da00000,0x3da00000,0x45d40000)
  from space 18176K, 58% used [0x47d40000,0x487a8ab8,0x48f00000)
  to   space 32768K, 0% used [0x45d40000,0x45d40000,0x47d40000)
 ParOldGen       total 73984K, used 73805K [0x17200000, 0x1ba40000, 0x3da00000)
  object space 73984K, 99% used [0x17200000,0x1ba136b0,0x1ba40000)
 Metaspace       used 41149K, capacity 42185K, committed 42240K, reserved 42368K
}

