# JRE version: OpenJDK Runtime Environment (8.0_152-b06) (build 1.8.0_152-release-1136-b06)
# Java VM: OpenJDK Server VM (25.152-b06 mixed mode windows-x86 )
Heap:
 PSYoungGen      total 247296K, used 62224K [0x3c0c0000, 0x4fb00000, 0x51600000)
  eden space 216064K, 18% used [0x3c0c0000,0x3e717700,0x493c0000)
  from space 31232K, 73% used [0x493c0000,0x4aa2ca08,0x4b240000)
  to   space 32768K, 0% used [0x4db00000,0x4db00000,0x4fb00000)
 ParOldGen       total 102912K, used 64151K [0x11600000, 0x17a80000, 0x3c0c0000)
  object space 102912K, 62% used [0x11600000,0x154a5d58,0x17a80000)
 Metaspace       used 58575K, capacity 60545K, committed 60672K, reserved 60800K
GC Heap History (10 events):
Event: 3111.671 GC heap before
{Heap before GC invocations=33 (full 3):
 PSYoungGen      total 217088K, used 200187K [0x3c0c0000, 0x4bd80000, 0x51600000)
  eden space 189952K, 100% used [0x3c0c0000,0x47a40000,0x47a40000)
  from space 27136K, 37% used [0x47a40000,0x4843ecb0,0x494c0000)
  to   space 25856K, 0% used [0x4a440000,0x4a440000,0x4bd80000)
 ParOldGen       total 65536K, used 53974K [0x11600000, 0x15600000, 0x3c0c0000)
  object space 65536K, 82% used [0x11600000,0x14ab59e0,0x15600000)
 Metaspace       used 47704K, capacity 49282K, committed 49408K, reserved 49536K
Event: 3111.989 GC heap after
Heap after GC invocations=33 (full 3):
 PSYoungGen      total 231680K, used 18523K [0x3c0c0000, 0x4be40000, 0x51600000)
  eden space 205824K, 0% used [0x3c0c0000,0x3c0c0000,0x489c0000)
  from space 25856K, 71% used [0x4a440000,0x4b656cf0,0x4bd80000)
  to   space 26880K, 0% used [0x489c0000,0x489c0000,0x4a400000)
 ParOldGen       total 65536K, used 53978K [0x11600000, 0x15600000, 0x3c0c0000)
  object space 65536K, 82% used [0x11600000,0x14ab69e0,0x15600000)
 Metaspace       used 47704K, capacity 49282K, committed 49408K, reserved 49536K
}
Event: 3903.850 GC heap before
{Heap before GC invocations=34 (full 3):
 PSYoungGen      total 231680K, used 224347K [0x3c0c0000, 0x4be40000, 0x51600000)
  eden space 205824K, 100% used [0x3c0c0000,0x489c0000,0x489c0000)
  from space 25856K, 71% used [0x4a440000,0x4b656cf0,0x4bd80000)
  to   space 26880K, 0% used [0x489c0000,0x489c0000,0x4a400000)
 ParOldGen       total 65536K, used 53978K [0x11600000, 0x15600000, 0x3c0c0000)
  object space 65536K, 82% used [0x11600000,0x14ab69e0,0x15600000)
 Metaspace       used 48080K, capacity 49786K, committed 49792K, reserved 50560K
Event: 3905.553 GC heap after
Heap after GC invocations=34 (full 3):
 PSYoungGen      total 232704K, used 10236K [0x3c0c0000, 0x4cb80000, 0x51600000)
  eden space 205824K, 0% used [0x3c0c0000,0x3c0c0000,0x489c0000)
  from space 26880K, 38% used [0x489c0000,0x493bf140,0x4a400000)
  to   space 25856K, 0% used [0x4b240000,0x4b240000,0x4cb80000)
 ParOldGen       total 65536K, used 53982K [0x11600000, 0x15600000, 0x3c0c0000)
  object space 65536K, 82% used [0x11600000,0x14ab79e0,0x15600000)
 Metaspace       used 48080K, capacity 49786K, committed 49792K, reserved 50560K
}
Event: 3983.684 GC heap before
{Heap before GC invocations=35 (full 3):
 PSYoungGen      total 232704K, used 216060K [0x3c0c0000, 0x4cb80000, 0x51600000)
  eden space 205824K, 100% used [0x3c0c0000,0x489c0000,0x489c0000)
  from space 26880K, 38% used [0x489c0000,0x493bf140,0x4a400000)
  to   space 25856K, 0% used [0x4b240000,0x4b240000,0x4cb80000)
 ParOldGen       total 65536K, used 53982K [0x11600000, 0x15600000, 0x3c0c0000)
  object space 65536K, 82% used [0x11600000,0x14ab79e0,0x15600000)
 Metaspace       used 51218K, capacity 52881K, committed 52992K, reserved 53632K
Event: 3985.189 GC heap after
Heap after GC invocations=35 (full 3):
 PSYoungGen      total 241920K, used 25849K [0x3c0c0000, 0x4df40000, 0x51600000)
  eden space 216064K, 0% used [0x3c0c0000,0x3c0c0000,0x493c0000)
  from space 25856K, 99% used [0x4b240000,0x4cb7e680,0x4cb80000)
  to   space 31232K, 0% used [0x493c0000,0x493c0000,0x4b240000)
 ParOldGen       total 65536K, used 58286K [0x11600000, 0x15600000, 0x3c0c0000)
  object space 65536K, 88% used [0x11600000,0x14eeb858,0x15600000)
 Metaspace       used 51218K, capacity 52881K, committed 52992K, reserved 53632K
}
Event: 3985.190 GC heap before
{Heap before GC invocations=36 (full 4):
 PSYoungGen      total 241920K, used 25849K [0x3c0c0000, 0x4df40000, 0x51600000)
  eden space 216064K, 0% used [0x3c0c0000,0x3c0c0000,0x493c0000)
  from space 25856K, 99% used [0x4b240000,0x4cb7e680,0x4cb80000)
  to   space 31232K, 0% used [0x493c0000,0x493c0000,0x4b240000)
 ParOldGen       total 65536K, used 58286K [0x11600000, 0x15600000, 0x3c0c0000)
  object space 65536K, 88% used [0x11600000,0x14eeb858,0x15600000)
 Metaspace       used 51218K, capacity 52881K, committed 52992K, reserved 53632K
Event: 3987.469 GC heap after
Heap after GC invocations=36 (full 4):
 PSYoungGen      total 241920K, used 0K [0x3c0c0000, 0x4df40000, 0x51600000)
  eden space 216064K, 0% used [0x3c0c0000,0x3c0c0000,0x493c0000)
  from space 25856K, 0% used [0x4b240000,0x4b240000,0x4cb80000)
  to   space 31232K, 0% used [0x493c0000,0x493c0000,0x4b240000)
 ParOldGen       total 102912K, used 64143K [0x11600000, 0x17a80000, 0x3c0c0000)
  object space 102912K, 62% used [0x11600000,0x154a3d58,0x17a80000)
 Metaspace       used 51058K, capacity 52666K, committed 52992K, reserved 53632K
}
Event: 4031.653 GC heap before
{Heap before GC invocations=37 (full 4):
 PSYoungGen      total 241920K, used 216064K [0x3c0c0000, 0x4df40000, 0x51600000)
  eden space 216064K, 100% used [0x3c0c0000,0x493c0000,0x493c0000)
  from space 25856K, 0% used [0x4b240000,0x4b240000,0x4cb80000)
  to   space 31232K, 0% used [0x493c0000,0x493c0000,0x4b240000)
 ParOldGen       total 102912K, used 64143K [0x11600000, 0x17a80000, 0x3c0c0000)
  object space 102912K, 62% used [0x11600000,0x154a3d58,0x17a80000)
 Metaspace       used 54955K, capacity 56805K, committed 56832K, reserved 57728K
Event: 4035.635 GC heap after
Heap after GC invocations=37 (full 4):
 PSYoungGen      total 247296K, used 22962K [0x3c0c0000, 0x4fb00000, 0x51600000)
  eden space 216064K, 0% used [0x3c0c0000,0x3c0c0000,0x493c0000)
  from space 31232K, 73% used [0x493c0000,0x4aa2ca08,0x4b240000)
  to   space 32768K, 0% used [0x4db00000,0x4db00000,0x4fb00000)
 ParOldGen       total 102912K, used 64151K [0x11600000, 0x17a80000, 0x3c0c0000)
  object space 102912K, 62% used [0x11600000,0x154a5d58,0x17a80000)
 Metaspace       used 54955K, capacity 56805K, committed 56832K, reserved 57728K
}

