# JRE version: OpenJDK Runtime Environment (8.0_152-b06) (build 1.8.0_152-release-1136-b06)
# Java VM: OpenJDK Server VM (25.152-b06 mixed mode windows-x86 )
Heap:
 PSYoungGen      total 153344K, used 139942K [0x37a00000, 0x43f40000, 0x4ae00000)
  eden space 133376K, 95% used [0x37a00000,0x3f602860,0x3fc40000)
  from space 19968K, 64% used [0x41900000,0x425a7018,0x42c80000)
  to   space 29440K, 0% used [0x3fc40000,0x3fc40000,0x41900000)
 ParOldGen       total 81664K, used 43715K [0x11200000, 0x161c0000, 0x37a00000)
  object space 81664K, 53% used [0x11200000,0x13cb0d00,0x161c0000)
 Metaspace       used 42149K, capacity 43191K, committed 43264K, reserved 43392K
GC Heap History (10 events):
Event: 43.020 GC heap before
{Heap before GC invocations=15 (full 2):
 PSYoungGen      total 106240K, used 94976K [0x37a00000, 0x405c0000, 0x4ae00000)
  eden space 94976K, 100% used [0x37a00000,0x3d6c0000,0x3d6c0000)
  from space 11264K, 0% used [0x3e340000,0x3e340000,0x3ee40000)
  to   space 12800K, 0% used [0x3d6c0000,0x3d6c0000,0x3e340000)
 ParOldGen       total 43264K, used 20408K [0x11200000, 0x13c40000, 0x37a00000)
  object space 43264K, 47% used [0x11200000,0x125ee250,0x13c40000)
 Metaspace       used 31497K, capacity 32049K, committed 32128K, reserved 32128K
Event: 43.049 GC heap after
Heap after GC invocations=15 (full 2):
 PSYoungGen      total 107776K, used 8644K [0x37a00000, 0x40640000, 0x4ae00000)
  eden space 94976K, 0% used [0x37a00000,0x37a00000,0x3d6c0000)
  from space 12800K, 67% used [0x3d6c0000,0x3df310a0,0x3e340000)
  to   space 13312K, 0% used [0x3f940000,0x3f940000,0x40640000)
 ParOldGen       total 43264K, used 20412K [0x11200000, 0x13c40000, 0x37a00000)
  object space 43264K, 47% used [0x11200000,0x125ef250,0x13c40000)
 Metaspace       used 31497K, capacity 32049K, committed 32128K, reserved 32128K
}
Event: 51.100 GC heap before
{Heap before GC invocations=16 (full 2):
 PSYoungGen      total 107776K, used 103620K [0x37a00000, 0x40640000, 0x4ae00000)
  eden space 94976K, 100% used [0x37a00000,0x3d6c0000,0x3d6c0000)
  from space 12800K, 67% used [0x3d6c0000,0x3df310a0,0x3e340000)
  to   space 13312K, 0% used [0x3f940000,0x3f940000,0x40640000)
 ParOldGen       total 43264K, used 20412K [0x11200000, 0x13c40000, 0x37a00000)
  object space 43264K, 47% used [0x11200000,0x125ef250,0x13c40000)
 Metaspace       used 35388K, capacity 36314K, committed 36352K, reserved 37248K
Event: 51.139 GC heap after
Heap after GC invocations=16 (full 2):
 PSYoungGen      total 128256K, used 12946K [0x37a00000, 0x40840000, 0x4ae00000)
  eden space 114944K, 0% used [0x37a00000,0x37a00000,0x3ea40000)
  from space 13312K, 97% used [0x3f940000,0x405e48d0,0x40640000)
  to   space 15360K, 0% used [0x3ea40000,0x3ea40000,0x3f940000)
 ParOldGen       total 43264K, used 20480K [0x11200000, 0x13c40000, 0x37a00000)
  object space 43264K, 47% used [0x11200000,0x12600260,0x13c40000)
 Metaspace       used 35388K, capacity 36314K, committed 36352K, reserved 37248K
}
Event: 64.903 GC heap before
{Heap before GC invocations=17 (full 2):
 PSYoungGen      total 128256K, used 127890K [0x37a00000, 0x40840000, 0x4ae00000)
  eden space 114944K, 100% used [0x37a00000,0x3ea40000,0x3ea40000)
  from space 13312K, 97% used [0x3f940000,0x405e48d0,0x40640000)
  to   space 15360K, 0% used [0x3ea40000,0x3ea40000,0x3f940000)
 ParOldGen       total 43264K, used 20480K [0x11200000, 0x13c40000, 0x37a00000)
  object space 43264K, 47% used [0x11200000,0x12600260,0x13c40000)
 Metaspace       used 37934K, capacity 38951K, committed 39040K, reserved 39296K
Event: 65.172 GC heap after
Heap after GC invocations=17 (full 2):
 PSYoungGen      total 130304K, used 15355K [0x37a00000, 0x42c80000, 0x4ae00000)
  eden space 114944K, 0% used [0x37a00000,0x37a00000,0x3ea40000)
  from space 15360K, 99% used [0x3ea40000,0x3f93ee88,0x3f940000)
  to   space 19968K, 0% used [0x41900000,0x41900000,0x42c80000)
 ParOldGen       total 43264K, used 26270K [0x11200000, 0x13c40000, 0x37a00000)
  object space 43264K, 60% used [0x11200000,0x12ba7810,0x13c40000)
 Metaspace       used 37934K, capacity 38951K, committed 39040K, reserved 39296K
}
Event: 77.097 GC heap before
{Heap before GC invocations=18 (full 2):
 PSYoungGen      total 130304K, used 130299K [0x37a00000, 0x42c80000, 0x4ae00000)
  eden space 114944K, 100% used [0x37a00000,0x3ea40000,0x3ea40000)
  from space 15360K, 99% used [0x3ea40000,0x3f93ee88,0x3f940000)
  to   space 19968K, 0% used [0x41900000,0x41900000,0x42c80000)
 ParOldGen       total 43264K, used 26270K [0x11200000, 0x13c40000, 0x37a00000)
  object space 43264K, 60% used [0x11200000,0x12ba7810,0x13c40000)
 Metaspace       used 38871K, capacity 39907K, committed 39936K, reserved 40320K
Event: 77.243 GC heap after
Heap after GC invocations=18 (full 2):
 PSYoungGen      total 153344K, used 19953K [0x37a00000, 0x43f40000, 0x4ae00000)
  eden space 133376K, 0% used [0x37a00000,0x37a00000,0x3fc40000)
  from space 19968K, 99% used [0x41900000,0x42c7c7b8,0x42c80000)
  to   space 29440K, 0% used [0x3fc40000,0x3fc40000,0x41900000)
 ParOldGen       total 43776K, used 43404K [0x11200000, 0x13cc0000, 0x37a00000)
  object space 43776K, 99% used [0x11200000,0x13c63160,0x13cc0000)
 Metaspace       used 38871K, capacity 39907K, committed 39936K, reserved 40320K
}
Event: 77.244 GC heap before
{Heap before GC invocations=19 (full 3):
 PSYoungGen      total 153344K, used 19953K [0x37a00000, 0x43f40000, 0x4ae00000)
  eden space 133376K, 0% used [0x37a00000,0x37a00000,0x3fc40000)
  from space 19968K, 99% used [0x41900000,0x42c7c7b8,0x42c80000)
  to   space 29440K, 0% used [0x3fc40000,0x3fc40000,0x41900000)
 ParOldGen       total 43776K, used 43404K [0x11200000, 0x13cc0000, 0x37a00000)
  object space 43776K, 99% used [0x11200000,0x13c63160,0x13cc0000)
 Metaspace       used 38871K, capacity 39907K, committed 39936K, reserved 40320K
Event: 78.600 GC heap after
Heap after GC invocations=19 (full 3):
 PSYoungGen      total 153344K, used 12956K [0x37a00000, 0x43f40000, 0x4ae00000)
  eden space 133376K, 0% used [0x37a00000,0x37a00000,0x3fc40000)
  from space 19968K, 64% used [0x41900000,0x425a7018,0x42c80000)
  to   space 29440K, 0% used [0x3fc40000,0x3fc40000,0x41900000)
 ParOldGen       total 81664K, used 43715K [0x11200000, 0x161c0000, 0x37a00000)
  object space 81664K, 53% used [0x11200000,0x13cb0d00,0x161c0000)
 Metaspace       used 38871K, capacity 39907K, committed 39936K, reserved 40320K
}

