# JRE version: OpenJDK Runtime Environment (8.0_152-b06) (build 1.8.0_152-release-1136-b06)
# Java VM: OpenJDK Server VM (25.152-b06 mixed mode windows-x86 )
Heap:
 PSYoungGen      total 177664K, used 85147K [0x37c00000, 0x47980000, 0x4b000000)
  eden space 129792K, 35% used [0x37c00000,0x3a904140,0x3fac0000)
  from space 47872K, 81% used [0x3fac0000,0x420e2b60,0x42980000)
  to   space 54528K, 0% used [0x44440000,0x44440000,0x47980000)
 ParOldGen       total 194304K, used 123373K [0x11400000, 0x1d1c0000, 0x37c00000)
  object space 194304K, 63% used [0x11400000,0x18c7b710,0x1d1c0000)
 Metaspace       used 47691K, capacity 49010K, committed 49024K, reserved 49536K
GC Heap History (10 events):
Event: 224.412 GC heap before
{Heap before GC invocations=28 (full 3):
 PSYoungGen      total 147968K, used 147953K [0x37c00000, 0x42b80000, 0x4b000000)
  eden space 129280K, 100% used [0x37c00000,0x3fa40000,0x3fa40000)
  from space 18688K, 99% used [0x41100000,0x4233c5b8,0x42340000)
  to   space 23296K, 0% used [0x3fa40000,0x3fa40000,0x41100000)
 ParOldGen       total 70912K, used 49166K [0x11400000, 0x15940000, 0x37c00000)
  object space 70912K, 69% used [0x11400000,0x14403b00,0x15940000)
 Metaspace       used 45873K, capacity 47154K, committed 47232K, reserved 47488K
Event: 224.584 GC heap after
Heap after GC invocations=28 (full 3):
 PSYoungGen      total 152576K, used 23282K [0x37c00000, 0x44d80000, 0x4b000000)
  eden space 129280K, 0% used [0x37c00000,0x37c00000,0x3fa40000)
  from space 23296K, 99% used [0x3fa40000,0x410fc980,0x41100000)
  to   space 36864K, 0% used [0x42980000,0x42980000,0x44d80000)
 ParOldGen       total 75520K, used 75395K [0x11400000, 0x15dc0000, 0x37c00000)
  object space 75520K, 99% used [0x11400000,0x15da0e58,0x15dc0000)
 Metaspace       used 45873K, capacity 47154K, committed 47232K, reserved 47488K
}
Event: 224.585 GC heap before
{Heap before GC invocations=29 (full 4):
 PSYoungGen      total 152576K, used 23282K [0x37c00000, 0x44d80000, 0x4b000000)
  eden space 129280K, 0% used [0x37c00000,0x37c00000,0x3fa40000)
  from space 23296K, 99% used [0x3fa40000,0x410fc980,0x41100000)
  to   space 36864K, 0% used [0x42980000,0x42980000,0x44d80000)
 ParOldGen       total 75520K, used 75395K [0x11400000, 0x15dc0000, 0x37c00000)
  object space 75520K, 99% used [0x11400000,0x15da0e58,0x15dc0000)
 Metaspace       used 45873K, capacity 47154K, committed 47232K, reserved 47488K
Event: 225.932 GC heap after
Heap after GC invocations=29 (full 4):
 PSYoungGen      total 152576K, used 14276K [0x37c00000, 0x44d80000, 0x4b000000)
  eden space 129280K, 0% used [0x37c00000,0x37c00000,0x3fa40000)
  from space 23296K, 61% used [0x3fa40000,0x408310a8,0x41100000)
  to   space 36864K, 0% used [0x42980000,0x42980000,0x44d80000)
 ParOldGen       total 123136K, used 73944K [0x11400000, 0x18c40000, 0x37c00000)
  object space 123136K, 60% used [0x11400000,0x15c36070,0x18c40000)
 Metaspace       used 45873K, capacity 47154K, committed 47232K, reserved 47488K
}
Event: 230.672 GC heap before
{Heap before GC invocations=30 (full 4):
 PSYoungGen      total 152576K, used 143556K [0x37c00000, 0x44d80000, 0x4b000000)
  eden space 129280K, 100% used [0x37c00000,0x3fa40000,0x3fa40000)
  from space 23296K, 61% used [0x3fa40000,0x408310a8,0x41100000)
  to   space 36864K, 0% used [0x42980000,0x42980000,0x44d80000)
 ParOldGen       total 123136K, used 73944K [0x11400000, 0x18c40000, 0x37c00000)
  object space 123136K, 60% used [0x11400000,0x15c36070,0x18c40000)
 Metaspace       used 46805K, capacity 48114K, committed 48128K, reserved 48512K
Event: 230.907 GC heap after
Heap after GC invocations=30 (full 4):
 PSYoungGen      total 166656K, used 36855K [0x37c00000, 0x46a00000, 0x4b000000)
  eden space 129792K, 0% used [0x37c00000,0x37c00000,0x3fac0000)
  from space 36864K, 99% used [0x42980000,0x44d7dfc0,0x44d80000)
  to   space 47872K, 0% used [0x3fac0000,0x3fac0000,0x42980000)
 ParOldGen       total 123136K, used 86837K [0x11400000, 0x18c40000, 0x37c00000)
  object space 123136K, 70% used [0x11400000,0x168cd5b0,0x18c40000)
 Metaspace       used 46805K, capacity 48114K, committed 48128K, reserved 48512K
}
Event: 239.924 GC heap before
{Heap before GC invocations=31 (full 4):
 PSYoungGen      total 166656K, used 166647K [0x37c00000, 0x46a00000, 0x4b000000)
  eden space 129792K, 100% used [0x37c00000,0x3fac0000,0x3fac0000)
  from space 36864K, 99% used [0x42980000,0x44d7dfc0,0x44d80000)
  to   space 47872K, 0% used [0x3fac0000,0x3fac0000,0x42980000)
 ParOldGen       total 123136K, used 86837K [0x11400000, 0x18c40000, 0x37c00000)
  object space 123136K, 70% used [0x11400000,0x168cd5b0,0x18c40000)
 Metaspace       used 47524K, capacity 48818K, committed 48896K, reserved 49536K
Event: 240.182 GC heap after
Heap after GC invocations=31 (full 4):
 PSYoungGen      total 177664K, used 43237K [0x37c00000, 0x47980000, 0x4b000000)
  eden space 129792K, 0% used [0x37c00000,0x37c00000,0x3fac0000)
  from space 47872K, 90% used [0x3fac0000,0x424f95d0,0x42980000)
  to   space 54528K, 0% used [0x44440000,0x44440000,0x47980000)
 ParOldGen       total 123392K, used 123307K [0x11400000, 0x18c80000, 0x37c00000)
  object space 123392K, 99% used [0x11400000,0x18c6ace8,0x18c80000)
 Metaspace       used 47524K, capacity 48818K, committed 48896K, reserved 49536K
}
Event: 240.182 GC heap before
{Heap before GC invocations=32 (full 5):
 PSYoungGen      total 177664K, used 43237K [0x37c00000, 0x47980000, 0x4b000000)
  eden space 129792K, 0% used [0x37c00000,0x37c00000,0x3fac0000)
  from space 47872K, 90% used [0x3fac0000,0x424f95d0,0x42980000)
  to   space 54528K, 0% used [0x44440000,0x44440000,0x47980000)
 ParOldGen       total 123392K, used 123307K [0x11400000, 0x18c80000, 0x37c00000)
  object space 123392K, 99% used [0x11400000,0x18c6ace8,0x18c80000)
 Metaspace       used 47524K, capacity 48818K, committed 48896K, reserved 49536K
Event: 242.657 GC heap after
Heap after GC invocations=32 (full 5):
 PSYoungGen      total 177664K, used 39050K [0x37c00000, 0x47980000, 0x4b000000)
  eden space 129792K, 0% used [0x37c00000,0x37c00000,0x3fac0000)
  from space 47872K, 81% used [0x3fac0000,0x420e2b60,0x42980000)
  to   space 54528K, 0% used [0x44440000,0x44440000,0x47980000)
 ParOldGen       total 194304K, used 123373K [0x11400000, 0x1d1c0000, 0x37c00000)
  object space 194304K, 63% used [0x11400000,0x18c7b710,0x1d1c0000)
 Metaspace       used 47524K, capacity 48818K, committed 48896K, reserved 49536K
}

